# JRE version: OpenJDK Runtime Environment (8.0_76-b03) (build 1.8.0_76-release-b03)
# Java VM: OpenJDK 64-Bit Server VM (25.76-b03 mixed mode windows-amd64 compressed oops)
Heap:
 PSYoungGen      total 38912K, used 14746K [0x00000000e0000000, 0x00000000e2f80000, 0x0000000100000000)
  eden space 35328K, 32% used [0x00000000e0000000,0x00000000e0b139d0,0x00000000e2280000)
  from space 3584K, 94% used [0x00000000e2c00000,0x00000000e2f53080,0x00000000e2f80000)
  to   space 5632K, 0% used [0x00000000e2480000,0x00000000e2480000,0x00000000e2a00000)
 ParOldGen       total 31232K, used 10659K [0x00000000a0000000, 0x00000000a1e80000, 0x00000000e0000000)
  object space 31232K, 34% used [0x00000000a0000000,0x00000000a0a68eb0,0x00000000a1e80000)
 Metaspace       used 23598K, capacity 24090K, committed 24448K, reserved 1071104K
  class space    used 3186K, capacity 3351K, committed 3456K, reserved 1048576K
GC Heap History (10 events):
Event: 7.277 GC heap before
{Heap before GC invocations=7 (full 0):
 PSYoungGen      total 17408K, used 17288K [0x00000000e0000000, 0x00000000e2600000, 0x0000000100000000)
  eden space 12288K, 100% used [0x00000000e0000000,0x00000000e0c00000,0x00000000e0c00000)
  from space 5120K, 97% used [0x00000000e1200000,0x00000000e16e21d8,0x00000000e1700000)
  to   space 6144K, 0% used [0x00000000e0c00000,0x00000000e0c00000,0x00000000e1200000)
 ParOldGen       total 35840K, used 7118K [0x00000000a0000000, 0x00000000a2300000, 0x00000000e0000000)
  object space 35840K, 19% used [0x00000000a0000000,0x00000000a06f3920,0x00000000a2300000)
 Metaspace       used 18609K, capacity 18950K, committed 19328K, reserved 1067008K
  class space    used 2472K, capacity 2586K, committed 2688K, reserved 1048576K
Event: 7.332 GC heap after
Heap after GC invocations=7 (full 0):
 PSYoungGen      total 18432K, used 4496K [0x00000000e0000000, 0x00000000e2400000, 0x0000000100000000)
  eden space 12288K, 0% used [0x00000000e0000000,0x00000000e0000000,0x00000000e0c00000)
  from space 6144K, 73% used [0x00000000e0c00000,0x00000000e1064010,0x00000000e1200000)
  to   space 6144K, 0% used [0x00000000e1e00000,0x00000000e1e00000,0x00000000e2400000)
 ParOldGen       total 35840K, used 7790K [0x00000000a0000000, 0x00000000a2300000, 0x00000000e0000000)
  object space 35840K, 21% used [0x00000000a0000000,0x00000000a079b970,0x00000000a2300000)
 Metaspace       used 18609K, capacity 18950K, committed 19328K, reserved 1067008K
  class space    used 2472K, capacity 2586K, committed 2688K, reserved 1048576K
}
Event: 7.971 GC heap before
{Heap before GC invocations=8 (full 0):
 PSYoungGen      total 18432K, used 16784K [0x00000000e0000000, 0x00000000e2400000, 0x0000000100000000)
  eden space 12288K, 100% used [0x00000000e0000000,0x00000000e0c00000,0x00000000e0c00000)
  from space 6144K, 73% used [0x00000000e0c00000,0x00000000e1064010,0x00000000e1200000)
  to   space 6144K, 0% used [0x00000000e1e00000,0x00000000e1e00000,0x00000000e2400000)
 ParOldGen       total 35840K, used 7790K [0x00000000a0000000, 0x00000000a2300000, 0x00000000e0000000)
  object space 35840K, 21% used [0x00000000a0000000,0x00000000a079b970,0x00000000a2300000)
 Metaspace       used 19787K, capacity 20080K, committed 20352K, reserved 1067008K
  class space    used 2550K, capacity 2659K, committed 2688K, reserved 1048576K
Event: 7.999 GC heap after
Heap after GC invocations=8 (full 0):
 PSYoungGen      total 29696K, used 3708K [0x00000000e0000000, 0x00000000e2300000, 0x0000000100000000)
  eden space 24576K, 0% used [0x00000000e0000000,0x00000000e0000000,0x00000000e1800000)
  from space 5120K, 72% used [0x00000000e1e00000,0x00000000e219f040,0x00000000e2300000)
  to   space 5632K, 0% used [0x00000000e1800000,0x00000000e1800000,0x00000000e1d80000)
 ParOldGen       total 35840K, used 8678K [0x00000000a0000000, 0x00000000a2300000, 0x00000000e0000000)
  object space 35840K, 24% used [0x00000000a0000000,0x00000000a0879a28,0x00000000a2300000)
 Metaspace       used 19787K, capacity 20080K, committed 20352K, reserved 1067008K
  class space    used 2550K, capacity 2659K, committed 2688K, reserved 1048576K
}
Event: 8.456 GC heap before
{Heap before GC invocations=9 (full 0):
 PSYoungGen      total 29696K, used 12538K [0x00000000e0000000, 0x00000000e2300000, 0x0000000100000000)
  eden space 24576K, 35% used [0x00000000e0000000,0x00000000e089f998,0x00000000e1800000)
  from space 5120K, 72% used [0x00000000e1e00000,0x00000000e219f040,0x00000000e2300000)
  to   space 5632K, 0% used [0x00000000e1800000,0x00000000e1800000,0x00000000e1d80000)
 ParOldGen       total 35840K, used 8678K [0x00000000a0000000, 0x00000000a2300000, 0x00000000e0000000)
  object space 35840K, 24% used [0x00000000a0000000,0x00000000a0879a28,0x00000000a2300000)
 Metaspace       used 20781K, capacity 21104K, committed 21296K, reserved 1067008K
  class space    used 2714K, capacity 2851K, committed 2944K, reserved 1048576K
Event: 8.465 GC heap after
Heap after GC invocations=9 (full 0):
 PSYoungGen      total 30208K, used 2760K [0x00000000e0000000, 0x00000000e3180000, 0x0000000100000000)
  eden space 24576K, 0% used [0x00000000e0000000,0x00000000e0000000,0x00000000e1800000)
  from space 5632K, 49% used [0x00000000e1800000,0x00000000e1ab2380,0x00000000e1d80000)
  to   space 5632K, 0% used [0x00000000e2c00000,0x00000000e2c00000,0x00000000e3180000)
 ParOldGen       total 35840K, used 10584K [0x00000000a0000000, 0x00000000a2300000, 0x00000000e0000000)
  object space 35840K, 29% used [0x00000000a0000000,0x00000000a0a56258,0x00000000a2300000)
 Metaspace       used 20781K, capacity 21104K, committed 21296K, reserved 1067008K
  class space    used 2714K, capacity 2851K, committed 2944K, reserved 1048576K
}
Event: 8.465 GC heap before
{Heap before GC invocations=10 (full 1):
 PSYoungGen      total 30208K, used 2760K [0x00000000e0000000, 0x00000000e3180000, 0x0000000100000000)
  eden space 24576K, 0% used [0x00000000e0000000,0x00000000e0000000,0x00000000e1800000)
  from space 5632K, 49% used [0x00000000e1800000,0x00000000e1ab2380,0x00000000e1d80000)
  to   space 5632K, 0% used [0x00000000e2c00000,0x00000000e2c00000,0x00000000e3180000)
 ParOldGen       total 35840K, used 10584K [0x00000000a0000000, 0x00000000a2300000, 0x00000000e0000000)
  object space 35840K, 29% used [0x00000000a0000000,0x00000000a0a56258,0x00000000a2300000)
 Metaspace       used 20781K, capacity 21104K, committed 21296K, reserved 1067008K
  class space    used 2714K, capacity 2851K, committed 2944K, reserved 1048576K
Event: 8.568 GC heap after
Heap after GC invocations=10 (full 1):
 PSYoungGen      total 30208K, used 0K [0x00000000e0000000, 0x00000000e3180000, 0x0000000100000000)
  eden space 24576K, 0% used [0x00000000e0000000,0x00000000e0000000,0x00000000e1800000)
  from space 5632K, 0% used [0x00000000e1800000,0x00000000e1800000,0x00000000e1d80000)
  to   space 5632K, 0% used [0x00000000e2c00000,0x00000000e2c00000,0x00000000e3180000)
 ParOldGen       total 31232K, used 10651K [0x00000000a0000000, 0x00000000a1e80000, 0x00000000e0000000)
  object space 31232K, 34% used [0x00000000a0000000,0x00000000a0a66eb0,0x00000000a1e80000)
 Metaspace       used 20781K, capacity 21104K, committed 21296K, reserved 1067008K
  class space    used 2714K, capacity 2851K, committed 2944K, reserved 1048576K
}
Event: 9.876 GC heap before
{Heap before GC invocations=11 (full 1):
 PSYoungGen      total 30208K, used 24576K [0x00000000e0000000, 0x00000000e3180000, 0x0000000100000000)
  eden space 24576K, 100% used [0x00000000e0000000,0x00000000e1800000,0x00000000e1800000)
  from space 5632K, 0% used [0x00000000e1800000,0x00000000e1800000,0x00000000e1d80000)
  to   space 5632K, 0% used [0x00000000e2c00000,0x00000000e2c00000,0x00000000e3180000)
 ParOldGen       total 31232K, used 10651K [0x00000000a0000000, 0x00000000a1e80000, 0x00000000e0000000)
  object space 31232K, 34% used [0x00000000a0000000,0x00000000a0a66eb0,0x00000000a1e80000)
 Metaspace       used 22632K, capacity 23090K, committed 23424K, reserved 1069056K
  class space    used 3017K, capacity 3148K, committed 3200K, reserved 1048576K
Event: 9.904 GC heap after
Heap after GC invocations=11 (full 1):
 PSYoungGen      total 38912K, used 3404K [0x00000000e0000000, 0x00000000e2f80000, 0x0000000100000000)
  eden space 35328K, 0% used [0x00000000e0000000,0x00000000e0000000,0x00000000e2280000)
  from space 3584K, 94% used [0x00000000e2c00000,0x00000000e2f53080,0x00000000e2f80000)
  to   space 5632K, 0% used [0x00000000e2480000,0x00000000e2480000,0x00000000e2a00000)
 ParOldGen       total 31232K, used 10659K [0x00000000a0000000, 0x00000000a1e80000, 0x00000000e0000000)
  object space 31232K, 34% used [0x00000000a0000000,0x00000000a0a68eb0,0x00000000a1e80000)
 Metaspace       used 22632K, capacity 23090K, committed 23424K, reserved 1069056K
  class space    used 3017K, capacity 3148K, committed 3200K, reserved 1048576K
}

