# JRE version: OpenJDK Runtime Environment (8.0_76-b03) (build 1.8.0_76-release-b03)
# Java VM: OpenJDK 64-Bit Server VM (25.76-b03 mixed mode windows-amd64 compressed oops)
Heap:
 PSYoungGen      total 227840K, used 136800K [0x00000000e0000000, 0x00000000f0e80000, 0x0000000100000000)
  eden space 205312K, 55% used [0x00000000e0000000,0x00000000e6f983e0,0x00000000ec880000)
  from space 22528K, 99% used [0x00000000ee580000,0x00000000efb7ffb8,0x00000000efb80000)
  to   space 29696K, 0% used [0x00000000ec880000,0x00000000ec880000,0x00000000ee580000)
 ParOldGen       total 90112K, used 76898K [0x00000000a0000000, 0x00000000a5800000, 0x00000000e0000000)
  object space 90112K, 85% used [0x00000000a0000000,0x00000000a4b18a88,0x00000000a5800000)
 Metaspace       used 72929K, capacity 77662K, committed 78128K, reserved 1118208K
  class space    used 9267K, capacity 10077K, committed 10288K, reserved 1048576K
GC Heap History (10 events):
Event: 1511.679 GC heap before
{Heap before GC invocations=44 (full 8):
 PSYoungGen      total 217600K, used 10971K [0x00000000e0000000, 0x00000000eeb80000, 0x0000000100000000)
  eden space 196096K, 0% used [0x00000000e0000000,0x00000000e0000000,0x00000000ebf80000)
  from space 21504K, 51% used [0x00000000ed680000,0x00000000ee136d98,0x00000000eeb80000)
  to   space 22528K, 0% used [0x00000000ebf80000,0x00000000ebf80000,0x00000000ed580000)
 ParOldGen       total 90112K, used 72302K [0x00000000a0000000, 0x00000000a5800000, 0x00000000e0000000)
  object space 90112K, 80% used [0x00000000a0000000,0x00000000a469bac8,0x00000000a5800000)
 Metaspace       used 73026K, capacity 77444K, committed 77616K, reserved 1116160K
  class space    used 9345K, capacity 10189K, committed 10288K, reserved 1048576K
Event: 1512.646 GC heap after
Heap after GC invocations=44 (full 8):
 PSYoungGen      total 217600K, used 0K [0x00000000e0000000, 0x00000000eeb80000, 0x0000000100000000)
  eden space 196096K, 0% used [0x00000000e0000000,0x00000000e0000000,0x00000000ebf80000)
  from space 21504K, 0% used [0x00000000ed680000,0x00000000ed680000,0x00000000eeb80000)
  to   space 22528K, 0% used [0x00000000ebf80000,0x00000000ebf80000,0x00000000ed580000)
 ParOldGen       total 90112K, used 66253K [0x00000000a0000000, 0x00000000a5800000, 0x00000000e0000000)
  object space 90112K, 73% used [0x00000000a0000000,0x00000000a40b3448,0x00000000a5800000)
 Metaspace       used 72105K, capacity 76168K, committed 77616K, reserved 1116160K
  class space    used 9178K, capacity 9934K, committed 10288K, reserved 1048576K
}
Event: 1526.208 GC heap before
{Heap before GC invocations=45 (full 8):
 PSYoungGen      total 217600K, used 196096K [0x00000000e0000000, 0x00000000eeb80000, 0x0000000100000000)
  eden space 196096K, 100% used [0x00000000e0000000,0x00000000ebf80000,0x00000000ebf80000)
  from space 21504K, 0% used [0x00000000ed680000,0x00000000ed680000,0x00000000eeb80000)
  to   space 22528K, 0% used [0x00000000ebf80000,0x00000000ebf80000,0x00000000ed580000)
 ParOldGen       total 90112K, used 66253K [0x00000000a0000000, 0x00000000a5800000, 0x00000000e0000000)
  object space 90112K, 73% used [0x00000000a0000000,0x00000000a40b3448,0x00000000a5800000)
 Metaspace       used 72297K, capacity 76598K, committed 77616K, reserved 1116160K
  class space    used 9200K, capacity 9967K, committed 10288K, reserved 1048576K
Event: 1526.268 GC heap after
Heap after GC invocations=45 (full 8):
 PSYoungGen      total 218624K, used 17405K [0x00000000e0000000, 0x00000000ef800000, 0x0000000100000000)
  eden space 196096K, 0% used [0x00000000e0000000,0x00000000e0000000,0x00000000ebf80000)
  from space 22528K, 77% used [0x00000000ebf80000,0x00000000ed07f478,0x00000000ed580000)
  to   space 23552K, 0% used [0x00000000ee100000,0x00000000ee100000,0x00000000ef800000)
 ParOldGen       total 90112K, used 66261K [0x00000000a0000000, 0x00000000a5800000, 0x00000000e0000000)
  object space 90112K, 73% used [0x00000000a0000000,0x00000000a40b5448,0x00000000a5800000)
 Metaspace       used 72297K, capacity 76598K, committed 77616K, reserved 1116160K
  class space    used 9200K, capacity 9967K, committed 10288K, reserved 1048576K
}
Event: 1588.418 GC heap before
{Heap before GC invocations=46 (full 8):
 PSYoungGen      total 218624K, used 213501K [0x00000000e0000000, 0x00000000ef800000, 0x0000000100000000)
  eden space 196096K, 100% used [0x00000000e0000000,0x00000000ebf80000,0x00000000ebf80000)
  from space 22528K, 77% used [0x00000000ebf80000,0x00000000ed07f478,0x00000000ed580000)
  to   space 23552K, 0% used [0x00000000ee100000,0x00000000ee100000,0x00000000ef800000)
 ParOldGen       total 90112K, used 66261K [0x00000000a0000000, 0x00000000a5800000, 0x00000000e0000000)
  object space 90112K, 73% used [0x00000000a0000000,0x00000000a40b5448,0x00000000a5800000)
 Metaspace       used 72376K, capacity 76686K, committed 77616K, reserved 1116160K
  class space    used 9208K, capacity 9975K, committed 10288K, reserved 1048576K
Event: 1588.435 GC heap after
Heap after GC invocations=46 (full 8):
 PSYoungGen      total 225280K, used 4960K [0x00000000e0000000, 0x00000000ef600000, 0x0000000100000000)
  eden space 203776K, 0% used [0x00000000e0000000,0x00000000e0000000,0x00000000ec700000)
  from space 21504K, 23% used [0x00000000ee100000,0x00000000ee5d8000,0x00000000ef600000)
  to   space 24064K, 0% used [0x00000000ec700000,0x00000000ec700000,0x00000000ede80000)
 ParOldGen       total 90112K, used 66261K [0x00000000a0000000, 0x00000000a5800000, 0x00000000e0000000)
  object space 90112K, 73% used [0x00000000a0000000,0x00000000a40b5448,0x00000000a5800000)
 Metaspace       used 72376K, capacity 76686K, committed 77616K, reserved 1116160K
  class space    used 9208K, capacity 9975K, committed 10288K, reserved 1048576K
}
Event: 1600.300 GC heap before
{Heap before GC invocations=47 (full 8):
 PSYoungGen      total 225280K, used 208736K [0x00000000e0000000, 0x00000000ef600000, 0x0000000100000000)
  eden space 203776K, 100% used [0x00000000e0000000,0x00000000ec700000,0x00000000ec700000)
  from space 21504K, 23% used [0x00000000ee100000,0x00000000ee5d8000,0x00000000ef600000)
  to   space 24064K, 0% used [0x00000000ec700000,0x00000000ec700000,0x00000000ede80000)
 ParOldGen       total 90112K, used 66261K [0x00000000a0000000, 0x00000000a5800000, 0x00000000e0000000)
  object space 90112K, 73% used [0x00000000a0000000,0x00000000a40b5448,0x00000000a5800000)
 Metaspace       used 72639K, capacity 77288K, committed 77872K, reserved 1116160K
  class space    used 9250K, capacity 10054K, committed 10288K, reserved 1048576K
Event: 1600.363 GC heap after
Heap after GC invocations=47 (full 8):
 PSYoungGen      total 227840K, used 11696K [0x00000000e0000000, 0x00000000efb80000, 0x0000000100000000)
  eden space 203776K, 0% used [0x00000000e0000000,0x00000000e0000000,0x00000000ec700000)
  from space 24064K, 48% used [0x00000000ec700000,0x00000000ed26c010,0x00000000ede80000)
  to   space 22528K, 0% used [0x00000000ee580000,0x00000000ee580000,0x00000000efb80000)
 ParOldGen       total 90112K, used 66261K [0x00000000a0000000, 0x00000000a5800000, 0x00000000e0000000)
  object space 90112K, 73% used [0x00000000a0000000,0x00000000a40b5448,0x00000000a5800000)
 Metaspace       used 72639K, capacity 77288K, committed 77872K, reserved 1116160K
  class space    used 9250K, capacity 10054K, committed 10288K, reserved 1048576K
}
Event: 1608.281 GC heap before
{Heap before GC invocations=48 (full 8):
 PSYoungGen      total 227840K, used 215472K [0x00000000e0000000, 0x00000000efb80000, 0x0000000100000000)
  eden space 203776K, 100% used [0x00000000e0000000,0x00000000ec700000,0x00000000ec700000)
  from space 24064K, 48% used [0x00000000ec700000,0x00000000ed26c010,0x00000000ede80000)
  to   space 22528K, 0% used [0x00000000ee580000,0x00000000ee580000,0x00000000efb80000)
 ParOldGen       total 90112K, used 66261K [0x00000000a0000000, 0x00000000a5800000, 0x00000000e0000000)
  object space 90112K, 73% used [0x00000000a0000000,0x00000000a40b5448,0x00000000a5800000)
 Metaspace       used 72859K, capacity 77556K, committed 77872K, reserved 1116160K
  class space    used 9257K, capacity 10066K, committed 10288K, reserved 1048576K
Event: 1608.404 GC heap after
Heap after GC invocations=48 (full 8):
 PSYoungGen      total 227840K, used 22527K [0x00000000e0000000, 0x00000000f0e80000, 0x0000000100000000)
  eden space 205312K, 0% used [0x00000000e0000000,0x00000000e0000000,0x00000000ec880000)
  from space 22528K, 99% used [0x00000000ee580000,0x00000000efb7ffb8,0x00000000efb80000)
  to   space 29696K, 0% used [0x00000000ec880000,0x00000000ec880000,0x00000000ee580000)
 ParOldGen       total 90112K, used 76898K [0x00000000a0000000, 0x00000000a5800000, 0x00000000e0000000)
  object space 90112K, 85% used [0x00000000a0000000,0x00000000a4b18a88,0x00000000a5800000)
 Metaspace       used 72859K, capacity 77556K, committed 77872K, reserved 1116160K
  class space    used 9257K, capacity 10066K, committed 10288K, reserved 1048576K
}

