# JRE version: OpenJDK Runtime Environment (8.0_76-b03) (build 1.8.0_76-release-b03)
# Java VM: OpenJDK 64-Bit Server VM (25.76-b03 mixed mode windows-amd64 compressed oops)
Heap:
 PSYoungGen      total 17920K, used 4681K [0x00000000e0000000, 0x00000000e1700000, 0x0000000100000000)
  eden space 13312K, 21% used [0x00000000e0000000,0x00000000e02ce018,0x00000000e0d00000)
  from space 4608K, 39% used [0x00000000e0d00000,0x00000000e0ec4560,0x00000000e1180000)
  to   space 5120K, 0% used [0x00000000e1200000,0x00000000e1200000,0x00000000e1700000)
 ParOldGen       total 23552K, used 9221K [0x00000000a0000000, 0x00000000a1700000, 0x00000000e0000000)
  object space 23552K, 39% used [0x00000000a0000000,0x00000000a09016f8,0x00000000a1700000)
 Metaspace       used 23670K, capacity 24130K, committed 24320K, reserved 1071104K
  class space    used 3160K, capacity 3326K, committed 3328K, reserved 1048576K
GC Heap History (10 events):
Event: 32.292 GC heap before
{Heap before GC invocations=8 (full 0):
 PSYoungGen      total 17920K, used 16837K [0x00000000e0000000, 0x00000000e1600000, 0x0000000100000000)
  eden space 13312K, 99% used [0x00000000e0000000,0x00000000e0ce2200,0x00000000e0d00000)
  from space 4608K, 79% used [0x00000000e0d00000,0x00000000e108f408,0x00000000e1180000)
  to   space 4608K, 0% used [0x00000000e1180000,0x00000000e1180000,0x00000000e1600000)
 ParOldGen       total 35840K, used 6813K [0x00000000a0000000, 0x00000000a2300000, 0x00000000e0000000)
  object space 35840K, 19% used [0x00000000a0000000,0x00000000a06a75c8,0x00000000a2300000)
 Metaspace       used 17835K, capacity 18234K, committed 18304K, reserved 1064960K
  class space    used 2480K, capacity 2627K, committed 2688K, reserved 1048576K
Event: 32.305 GC heap after
Heap after GC invocations=8 (full 0):
 PSYoungGen      total 17920K, used 3854K [0x00000000e0000000, 0x00000000e1600000, 0x0000000100000000)
  eden space 13312K, 0% used [0x00000000e0000000,0x00000000e0000000,0x00000000e0d00000)
  from space 4608K, 83% used [0x00000000e1180000,0x00000000e1543908,0x00000000e1600000)
  to   space 4608K, 0% used [0x00000000e0d00000,0x00000000e0d00000,0x00000000e1180000)
 ParOldGen       total 35840K, used 7589K [0x00000000a0000000, 0x00000000a2300000, 0x00000000e0000000)
  object space 35840K, 21% used [0x00000000a0000000,0x00000000a0769628,0x00000000a2300000)
 Metaspace       used 17835K, capacity 18234K, committed 18304K, reserved 1064960K
  class space    used 2480K, capacity 2627K, committed 2688K, reserved 1048576K
}
Event: 33.762 GC heap before
{Heap before GC invocations=9 (full 0):
 PSYoungGen      total 17920K, used 14960K [0x00000000e0000000, 0x00000000e1600000, 0x0000000100000000)
  eden space 13312K, 83% used [0x00000000e0000000,0x00000000e0ad88c0,0x00000000e0d00000)
  from space 4608K, 83% used [0x00000000e1180000,0x00000000e1543908,0x00000000e1600000)
  to   space 4608K, 0% used [0x00000000e0d00000,0x00000000e0d00000,0x00000000e1180000)
 ParOldGen       total 35840K, used 7589K [0x00000000a0000000, 0x00000000a2300000, 0x00000000e0000000)
  object space 35840K, 21% used [0x00000000a0000000,0x00000000a0769628,0x00000000a2300000)
 Metaspace       used 20736K, capacity 21146K, committed 21296K, reserved 1067008K
  class space    used 2797K, capacity 2915K, committed 2944K, reserved 1048576K
Event: 33.771 GC heap after
Heap after GC invocations=9 (full 0):
 PSYoungGen      total 17920K, used 3512K [0x00000000e0000000, 0x00000000e1600000, 0x0000000100000000)
  eden space 13312K, 0% used [0x00000000e0000000,0x00000000e0000000,0x00000000e0d00000)
  from space 4608K, 76% used [0x00000000e0d00000,0x00000000e106e198,0x00000000e1180000)
  to   space 4608K, 0% used [0x00000000e1180000,0x00000000e1180000,0x00000000e1600000)
 ParOldGen       total 35840K, used 8607K [0x00000000a0000000, 0x00000000a2300000, 0x00000000e0000000)
  object space 35840K, 24% used [0x00000000a0000000,0x00000000a0867ea0,0x00000000a2300000)
 Metaspace       used 20736K, capacity 21146K, committed 21296K, reserved 1067008K
  class space    used 2797K, capacity 2915K, committed 2944K, reserved 1048576K
}
Event: 33.771 GC heap before
{Heap before GC invocations=10 (full 1):
 PSYoungGen      total 17920K, used 3512K [0x00000000e0000000, 0x00000000e1600000, 0x0000000100000000)
  eden space 13312K, 0% used [0x00000000e0000000,0x00000000e0000000,0x00000000e0d00000)
  from space 4608K, 76% used [0x00000000e0d00000,0x00000000e106e198,0x00000000e1180000)
  to   space 4608K, 0% used [0x00000000e1180000,0x00000000e1180000,0x00000000e1600000)
 ParOldGen       total 35840K, used 8607K [0x00000000a0000000, 0x00000000a2300000, 0x00000000e0000000)
  object space 35840K, 24% used [0x00000000a0000000,0x00000000a0867ea0,0x00000000a2300000)
 Metaspace       used 20736K, capacity 21146K, committed 21296K, reserved 1067008K
  class space    used 2797K, capacity 2915K, committed 2944K, reserved 1048576K
Event: 33.868 GC heap after
Heap after GC invocations=10 (full 1):
 PSYoungGen      total 17920K, used 0K [0x00000000e0000000, 0x00000000e1600000, 0x0000000100000000)
  eden space 13312K, 0% used [0x00000000e0000000,0x00000000e0000000,0x00000000e0d00000)
  from space 4608K, 0% used [0x00000000e0d00000,0x00000000e0d00000,0x00000000e1180000)
  to   space 4608K, 0% used [0x00000000e1180000,0x00000000e1180000,0x00000000e1600000)
 ParOldGen       total 23552K, used 7749K [0x00000000a0000000, 0x00000000a1700000, 0x00000000e0000000)
  object space 23552K, 32% used [0x00000000a0000000,0x00000000a07916a8,0x00000000a1700000)
 Metaspace       used 20736K, capacity 21146K, committed 21296K, reserved 1067008K
  class space    used 2797K, capacity 2915K, committed 2944K, reserved 1048576K
}
Event: 35.138 GC heap before
{Heap before GC invocations=11 (full 1):
 PSYoungGen      total 17920K, used 13312K [0x00000000e0000000, 0x00000000e1600000, 0x0000000100000000)
  eden space 13312K, 100% used [0x00000000e0000000,0x00000000e0d00000,0x00000000e0d00000)
  from space 4608K, 0% used [0x00000000e0d00000,0x00000000e0d00000,0x00000000e1180000)
  to   space 4608K, 0% used [0x00000000e1180000,0x00000000e1180000,0x00000000e1600000)
 ParOldGen       total 23552K, used 7749K [0x00000000a0000000, 0x00000000a1700000, 0x00000000e0000000)
  object space 23552K, 32% used [0x00000000a0000000,0x00000000a07916a8,0x00000000a1700000)
 Metaspace       used 22112K, capacity 22498K, committed 22784K, reserved 1069056K
  class space    used 2896K, capacity 3038K, committed 3072K, reserved 1048576K
Event: 35.143 GC heap after
Heap after GC invocations=11 (full 1):
 PSYoungGen      total 17920K, used 2002K [0x00000000e0000000, 0x00000000e1600000, 0x0000000100000000)
  eden space 13312K, 0% used [0x00000000e0000000,0x00000000e0000000,0x00000000e0d00000)
  from space 4608K, 43% used [0x00000000e1180000,0x00000000e1374ac0,0x00000000e1600000)
  to   space 4608K, 0% used [0x00000000e0d00000,0x00000000e0d00000,0x00000000e1180000)
 ParOldGen       total 23552K, used 7757K [0x00000000a0000000, 0x00000000a1700000, 0x00000000e0000000)
  object space 23552K, 32% used [0x00000000a0000000,0x00000000a07936a8,0x00000000a1700000)
 Metaspace       used 22112K, capacity 22498K, committed 22784K, reserved 1069056K
  class space    used 2896K, capacity 3038K, committed 3072K, reserved 1048576K
}
Event: 35.749 GC heap before
{Heap before GC invocations=12 (full 1):
 PSYoungGen      total 17920K, used 15314K [0x00000000e0000000, 0x00000000e1600000, 0x0000000100000000)
  eden space 13312K, 100% used [0x00000000e0000000,0x00000000e0d00000,0x00000000e0d00000)
  from space 4608K, 43% used [0x00000000e1180000,0x00000000e1374ac0,0x00000000e1600000)
  to   space 4608K, 0% used [0x00000000e0d00000,0x00000000e0d00000,0x00000000e1180000)
 ParOldGen       total 23552K, used 7757K [0x00000000a0000000, 0x00000000a1700000, 0x00000000e0000000)
  object space 23552K, 32% used [0x00000000a0000000,0x00000000a07936a8,0x00000000a1700000)
 Metaspace       used 23305K, capacity 23778K, committed 24064K, reserved 1071104K
  class space    used 3090K, capacity 3230K, committed 3328K, reserved 1048576K
Event: 35.755 GC heap after
Heap after GC invocations=12 (full 1):
 PSYoungGen      total 17920K, used 1809K [0x00000000e0000000, 0x00000000e1700000, 0x0000000100000000)
  eden space 13312K, 0% used [0x00000000e0000000,0x00000000e0000000,0x00000000e0d00000)
  from space 4608K, 39% used [0x00000000e0d00000,0x00000000e0ec4560,0x00000000e1180000)
  to   space 5120K, 0% used [0x00000000e1200000,0x00000000e1200000,0x00000000e1700000)
 ParOldGen       total 23552K, used 9221K [0x00000000a0000000, 0x00000000a1700000, 0x00000000e0000000)
  object space 23552K, 39% used [0x00000000a0000000,0x00000000a09016f8,0x00000000a1700000)
 Metaspace       used 23305K, capacity 23778K, committed 24064K, reserved 1071104K
  class space    used 3090K, capacity 3230K, committed 3328K, reserved 1048576K
}

